<?xml version="1.0" encoding="UTF-8"?>
<!-- Generated by org.testng.reporters.JUnitReportReporter -->
<testsuite hostname="RAMESH-PC" name="MavenDemoQaTest.DemoArtifact1.TestTest" tests="2" failures="0" timestamp="17 Dec 2016 10:40:38 GMT" time="30.754" errors="0">
  <testcase name="M" time="17.115" classname="MavenDemoQaTest.DemoArtifact1.TestTest"/>
  <testcase name="M" time="13.639" classname="MavenDemoQaTest.DemoArtifact1.TestTest"/>
</testsuite> <!-- MavenDemoQaTest.DemoArtifact1.TestTest -->
